c:\users\ohika\onedrive\デスクトップ\プログラミング　練習用\zyouhousuugaku1\zyouhousuugaku1\debug\vc142.pdb
c:\users\ohika\onedrive\デスクトップ\プログラミング　練習用\zyouhousuugaku1\zyouhousuugaku1\debug\vc142.idb
c:\users\ohika\onedrive\デスクトップ\プログラミング　練習用\zyouhousuugaku1\zyouhousuugaku1\debug\ソース.obj
c:\users\ohika\onedrive\デスクトップ\プログラミング　練習用\zyouhousuugaku1\zyouhousuugaku1\debug\ソース1.obj
c:\users\ohika\onedrive\デスクトップ\プログラミング　練習用\zyouhousuugaku1\debug\zyouhousuugaku1.pdb
c:\users\ohika\onedrive\デスクトップ\プログラミング　練習用\zyouhousuugaku1\zyouhousuugaku1\debug\zyouhousuugaku1.tlog\cl.command.1.tlog
c:\users\ohika\onedrive\デスクトップ\プログラミング　練習用\zyouhousuugaku1\zyouhousuugaku1\debug\zyouhousuugaku1.tlog\cl.read.1.tlog
c:\users\ohika\onedrive\デスクトップ\プログラミング　練習用\zyouhousuugaku1\zyouhousuugaku1\debug\zyouhousuugaku1.tlog\cl.write.1.tlog
c:\users\ohika\onedrive\デスクトップ\プログラミング　練習用\zyouhousuugaku1\zyouhousuugaku1\debug\zyouhousuugaku1.tlog\link-cvtres.read.1.tlog
c:\users\ohika\onedrive\デスクトップ\プログラミング　練習用\zyouhousuugaku1\zyouhousuugaku1\debug\zyouhousuugaku1.tlog\link-cvtres.write.1.tlog
c:\users\ohika\onedrive\デスクトップ\プログラミング　練習用\zyouhousuugaku1\zyouhousuugaku1\debug\zyouhousuugaku1.tlog\link-rc.read.1.tlog
c:\users\ohika\onedrive\デスクトップ\プログラミング　練習用\zyouhousuugaku1\zyouhousuugaku1\debug\zyouhousuugaku1.tlog\link-rc.write.1.tlog
c:\users\ohika\onedrive\デスクトップ\プログラミング　練習用\zyouhousuugaku1\zyouhousuugaku1\debug\zyouhousuugaku1.tlog\link.12116-cvtres.read.1.tlog
c:\users\ohika\onedrive\デスクトップ\プログラミング　練習用\zyouhousuugaku1\zyouhousuugaku1\debug\zyouhousuugaku1.tlog\link.12116-cvtres.write.1.tlog
c:\users\ohika\onedrive\デスクトップ\プログラミング　練習用\zyouhousuugaku1\zyouhousuugaku1\debug\zyouhousuugaku1.tlog\link.12116-rc.read.1.tlog
c:\users\ohika\onedrive\デスクトップ\プログラミング　練習用\zyouhousuugaku1\zyouhousuugaku1\debug\zyouhousuugaku1.tlog\link.12116-rc.write.1.tlog
c:\users\ohika\onedrive\デスクトップ\プログラミング　練習用\zyouhousuugaku1\zyouhousuugaku1\debug\zyouhousuugaku1.tlog\link.12116.read.1.tlog
c:\users\ohika\onedrive\デスクトップ\プログラミング　練習用\zyouhousuugaku1\zyouhousuugaku1\debug\zyouhousuugaku1.tlog\link.12116.write.1.tlog
c:\users\ohika\onedrive\デスクトップ\プログラミング　練習用\zyouhousuugaku1\zyouhousuugaku1\debug\zyouhousuugaku1.tlog\link.command.1.tlog
c:\users\ohika\onedrive\デスクトップ\プログラミング　練習用\zyouhousuugaku1\zyouhousuugaku1\debug\zyouhousuugaku1.tlog\link.read.1.tlog
c:\users\ohika\onedrive\デスクトップ\プログラミング　練習用\zyouhousuugaku1\zyouhousuugaku1\debug\zyouhousuugaku1.tlog\link.write.1.tlog
